# JRE version: OpenJDK Runtime Environment Temurin-17.0.19+10 (17.0.19+10) (build 17.0.19+10)
# Java VM: OpenJDK 64-Bit Server VM Temurin-17.0.19+10 (17.0.19+10, mixed mode, sharing, tiered, compressed oops, compressed class ptrs, g1 gc, windows-amd64)
GC Precious Log:
 CPUs: 4 total, 4 available
 Memory: 3976M
 Large Page Support: Disabled
 NUMA Support: Disabled
 Compressed Oops: Enabled (Zero based)
 Heap Region Size: 2M
 Heap Min Capacity: 8M
 Heap Initial Capacity: 64M
 Heap Max Capacity: 4G
 Pre-touch: Disabled
 Parallel Workers: 4
 Concurrent Workers: 1
 Concurrent Refinement Workers: 4
 Periodic GC: Disabled
Heap:
 garbage-first heap   total 143360K, used 87368K [0x0000000700000000, 0x0000000800000000)
  region size 2048K, 1 young (2048K), 1 survivors (2048K)
 Metaspace       used 71627K, committed 72320K, reserved 1114112K
  class space    used 9872K, committed 10240K, reserved 1048576K
GC Heap History (20 events):
Event: 134.454 GC heap after
{Heap after GC invocations=50 (full 0):
 garbage-first heap   total 129024K, used 68387K [0x0000000700000000, 0x0000000800000000)
  region size 2048K, 2 young (4096K), 2 survivors (4096K)
 Metaspace       used 57961K, committed 58560K, reserved 1114112K
  class space    used 8222K, committed 8512K, reserved 1048576K
}
Event: 142.389 GC heap before
{Heap before GC invocations=51 (full 0):
 garbage-first heap   total 129024K, used 90915K [0x0000000700000000, 0x0000000800000000)
  region size 2048K, 13 young (26624K), 2 survivors (4096K)
 Metaspace       used 59369K, committed 59968K, reserved 1114112K
  class space    used 8396K, committed 8704K, reserved 1048576K
}
Event: 142.904 GC heap after
{Heap after GC invocations=52 (full 0):
 garbage-first heap   total 129024K, used 73943K [0x0000000700000000, 0x0000000800000000)
  region size 2048K, 2 young (4096K), 2 survivors (4096K)
 Metaspace       used 59369K, committed 59968K, reserved 1114112K
  class space    used 8396K, committed 8704K, reserved 1048576K
}
Event: 144.112 GC heap before
{Heap before GC invocations=52 (full 0):
 garbage-first heap   total 129024K, used 75991K [0x0000000700000000, 0x0000000800000000)
  region size 2048K, 3 young (6144K), 2 survivors (4096K)
 Metaspace       used 59561K, committed 60160K, reserved 1114112K
  class space    used 8416K, committed 8704K, reserved 1048576K
}
Event: 144.189 GC heap after
{Heap after GC invocations=53 (full 0):
 garbage-first heap   total 129024K, used 74674K [0x0000000700000000, 0x0000000800000000)
  region size 2048K, 1 young (2048K), 1 survivors (2048K)
 Metaspace       used 59561K, committed 60160K, reserved 1114112K
  class space    used 8416K, committed 8704K, reserved 1048576K
}
Event: 149.318 GC heap before
{Heap before GC invocations=54 (full 0):
 garbage-first heap   total 133120K, used 89010K [0x0000000700000000, 0x0000000800000000)
  region size 2048K, 8 young (16384K), 1 survivors (2048K)
 Metaspace       used 60640K, committed 61312K, reserved 1114112K
  class space    used 8551K, committed 8896K, reserved 1048576K
}
Event: 149.323 GC heap after
{Heap after GC invocations=55 (full 0):
 garbage-first heap   total 133120K, used 75010K [0x0000000700000000, 0x0000000800000000)
  region size 2048K, 1 young (2048K), 1 survivors (2048K)
 Metaspace       used 60640K, committed 61312K, reserved 1114112K
  class space    used 8551K, committed 8896K, reserved 1048576K
}
Event: 155.259 GC heap before
{Heap before GC invocations=55 (full 0):
 garbage-first heap   total 133120K, used 97538K [0x0000000700000000, 0x0000000800000000)
  region size 2048K, 13 young (26624K), 1 survivors (2048K)
 Metaspace       used 63143K, committed 63744K, reserved 1114112K
  class space    used 8784K, committed 9088K, reserved 1048576K
}
Event: 155.268 GC heap after
{Heap after GC invocations=56 (full 0):
 garbage-first heap   total 133120K, used 75449K [0x0000000700000000, 0x0000000800000000)
  region size 2048K, 1 young (2048K), 1 survivors (2048K)
 Metaspace       used 63143K, committed 63744K, reserved 1114112K
  class space    used 8784K, committed 9088K, reserved 1048576K
}
Event: 163.339 GC heap before
{Heap before GC invocations=57 (full 0):
 garbage-first heap   total 133120K, used 102073K [0x0000000700000000, 0x0000000800000000)
  region size 2048K, 14 young (28672K), 1 survivors (2048K)
 Metaspace       used 66077K, committed 66688K, reserved 1114112K
  class space    used 9114K, committed 9408K, reserved 1048576K
}
Event: 163.406 GC heap after
{Heap after GC invocations=58 (full 0):
 garbage-first heap   total 133120K, used 78242K [0x0000000700000000, 0x0000000800000000)
  region size 2048K, 2 young (4096K), 2 survivors (4096K)
 Metaspace       used 66077K, committed 66688K, reserved 1114112K
  class space    used 9114K, committed 9408K, reserved 1048576K
}
Event: 163.423 GC heap before
{Heap before GC invocations=58 (full 0):
 garbage-first heap   total 133120K, used 80290K [0x0000000700000000, 0x0000000800000000)
  region size 2048K, 3 young (6144K), 2 survivors (4096K)
 Metaspace       used 66077K, committed 66688K, reserved 1114112K
  class space    used 9114K, committed 9408K, reserved 1048576K
}
Event: 163.655 GC heap after
{Heap after GC invocations=59 (full 0):
 garbage-first heap   total 133120K, used 78668K [0x0000000700000000, 0x0000000800000000)
  region size 2048K, 1 young (2048K), 1 survivors (2048K)
 Metaspace       used 66077K, committed 66688K, reserved 1114112K
  class space    used 9114K, committed 9408K, reserved 1048576K
}
Event: 167.017 GC heap before
{Heap before GC invocations=59 (full 0):
 garbage-first heap   total 133120K, used 101196K [0x0000000700000000, 0x0000000800000000)
  region size 2048K, 13 young (26624K), 1 survivors (2048K)
 Metaspace       used 67109K, committed 67776K, reserved 1114112K
  class space    used 9262K, committed 9600K, reserved 1048576K
}
Event: 167.038 GC heap after
{Heap after GC invocations=60 (full 0):
 garbage-first heap   total 133120K, used 82529K [0x0000000700000000, 0x0000000800000000)
  region size 2048K, 2 young (4096K), 2 survivors (4096K)
 Metaspace       used 67109K, committed 67776K, reserved 1114112K
  class space    used 9262K, committed 9600K, reserved 1048576K
}
Event: 171.970 GC heap before
{Heap before GC invocations=61 (full 0):
 garbage-first heap   total 143360K, used 105057K [0x0000000700000000, 0x0000000800000000)
  region size 2048K, 13 young (26624K), 2 survivors (4096K)
 Metaspace       used 68665K, committed 69312K, reserved 1114112K
  class space    used 9466K, committed 9792K, reserved 1048576K
}
Event: 172.190 GC heap after
{Heap after GC invocations=62 (full 0):
 garbage-first heap   total 143360K, used 82182K [0x0000000700000000, 0x0000000800000000)
  region size 2048K, 1 young (2048K), 1 survivors (2048K)
 Metaspace       used 68665K, committed 69312K, reserved 1114112K
  class space    used 9466K, committed 9792K, reserved 1048576K
}
Event: 173.348 GC heap before
{Heap before GC invocations=62 (full 0):
 garbage-first heap   total 143360K, used 86278K [0x0000000700000000, 0x0000000800000000)
  region size 2048K, 3 young (6144K), 1 survivors (2048K)
 Metaspace       used 68916K, committed 69632K, reserved 1114112K
  class space    used 9501K, committed 9856K, reserved 1048576K
}
Event: 173.432 GC heap after
{Heap after GC invocations=63 (full 0):
 garbage-first heap   total 143360K, used 81649K [0x0000000700000000, 0x0000000800000000)
  region size 2048K, 1 young (2048K), 1 survivors (2048K)
 Metaspace       used 68916K, committed 69632K, reserved 1114112K
  class space    used 9501K, committed 9856K, reserved 1048576K
}
Event: 180.339 GC heap before
{Heap before GC invocations=63 (full 0):
 garbage-first heap   total 143360K, used 114417K [0x0000000700000000, 0x0000000800000000)
  region size 2048K, 15 young (30720K), 1 survivors (2048K)
 Metaspace       used 71627K, committed 72320K, reserved 1114112K
  class space    used 9872K, committed 10240K, reserved 1048576K
}

