# JRE version: OpenJDK Runtime Environment Temurin-17.0.19+10 (17.0.19+10) (build 17.0.19+10)
# Java VM: OpenJDK 64-Bit Server VM Temurin-17.0.19+10 (17.0.19+10, mixed mode, sharing, tiered, compressed oops, compressed class ptrs, g1 gc, windows-amd64)
GC Precious Log:
 CPUs: 4 total, 4 available
 Memory: 3976M
 Large Page Support: Disabled
 NUMA Support: Disabled
 Compressed Oops: Enabled (32-bit)
 Heap Region Size: 1M
 Heap Min Capacity: 8M
 Heap Initial Capacity: 64M
 Heap Max Capacity: 996M
 Pre-touch: Disabled
 Parallel Workers: 4
 Concurrent Workers: 1
 Concurrent Refinement Workers: 4
 Periodic GC: Disabled
Heap:
 garbage-first heap   total 65536K, used 40748K [0x00000000c1c00000, 0x0000000100000000)
  region size 1024K, 14 young (14336K), 3 survivors (3072K)
 Metaspace       used 45258K, committed 45440K, reserved 1114112K
  class space    used 5508K, committed 5568K, reserved 1048576K
GC Heap History (20 events):
Event: 2.502 GC heap before
{Heap before GC invocations=1 (full 0):
 garbage-first heap   total 65536K, used 24087K [0x00000000c1c00000, 0x0000000100000000)
  region size 1024K, 19 young (19456K), 2 survivors (2048K)
 Metaspace       used 7875K, committed 8000K, reserved 1114112K
  class space    used 830K, committed 896K, reserved 1048576K
}
Event: 2.513 GC heap after
{Heap after GC invocations=2 (full 0):
 garbage-first heap   total 65536K, used 7818K [0x00000000c1c00000, 0x0000000100000000)
  region size 1024K, 3 young (3072K), 3 survivors (3072K)
 Metaspace       used 7875K, committed 8000K, reserved 1114112K
  class space    used 830K, committed 896K, reserved 1048576K
}
Event: 4.916 GC heap before
{Heap before GC invocations=2 (full 0):
 garbage-first heap   total 65536K, used 43658K [0x00000000c1c00000, 0x0000000100000000)
  region size 1024K, 38 young (38912K), 3 survivors (3072K)
 Metaspace       used 17274K, committed 17536K, reserved 1114112K
  class space    used 1978K, committed 2112K, reserved 1048576K
}
Event: 4.933 GC heap after
{Heap after GC invocations=3 (full 0):
 garbage-first heap   total 65536K, used 10751K [0x00000000c1c00000, 0x0000000100000000)
  region size 1024K, 5 young (5120K), 5 survivors (5120K)
 Metaspace       used 17274K, committed 17536K, reserved 1114112K
  class space    used 1978K, committed 2112K, reserved 1048576K
}
Event: 6.585 GC heap before
{Heap before GC invocations=3 (full 0):
 garbage-first heap   total 65536K, used 34303K [0x00000000c1c00000, 0x0000000100000000)
  region size 1024K, 27 young (27648K), 5 survivors (5120K)
 Metaspace       used 21333K, committed 21504K, reserved 1114112K
  class space    used 2774K, committed 2880K, reserved 1048576K
}
Event: 6.609 GC heap after
{Heap after GC invocations=4 (full 0):
 garbage-first heap   total 65536K, used 17614K [0x00000000c1c00000, 0x0000000100000000)
  region size 1024K, 5 young (5120K), 5 survivors (5120K)
 Metaspace       used 21333K, committed 21504K, reserved 1114112K
  class space    used 2774K, committed 2880K, reserved 1048576K
}
Event: 9.424 GC heap before
{Heap before GC invocations=5 (full 0):
 garbage-first heap   total 65536K, used 45262K [0x00000000c1c00000, 0x0000000100000000)
  region size 1024K, 32 young (32768K), 5 survivors (5120K)
 Metaspace       used 27875K, committed 28096K, reserved 1114112K
  class space    used 3695K, committed 3776K, reserved 1048576K
}
Event: 9.441 GC heap after
{Heap after GC invocations=6 (full 0):
 garbage-first heap   total 65536K, used 17874K [0x00000000c1c00000, 0x0000000100000000)
  region size 1024K, 3 young (3072K), 3 survivors (3072K)
 Metaspace       used 27875K, committed 28096K, reserved 1114112K
  class space    used 3695K, committed 3776K, reserved 1048576K
}
Event: 9.504 GC heap before
{Heap before GC invocations=6 (full 0):
 garbage-first heap   total 65536K, used 17874K [0x00000000c1c00000, 0x0000000100000000)
  region size 1024K, 4 young (4096K), 3 survivors (3072K)
 Metaspace       used 28043K, committed 28224K, reserved 1114112K
  class space    used 3721K, committed 3776K, reserved 1048576K
}
Event: 9.512 GC heap after
{Heap after GC invocations=7 (full 0):
 garbage-first heap   total 65536K, used 18373K [0x00000000c1c00000, 0x0000000100000000)
  region size 1024K, 1 young (1024K), 1 survivors (1024K)
 Metaspace       used 28043K, committed 28224K, reserved 1114112K
  class space    used 3721K, committed 3776K, reserved 1048576K
}
Event: 11.985 GC heap before
{Heap before GC invocations=7 (full 0):
 garbage-first heap   total 65536K, used 46021K [0x00000000c1c00000, 0x0000000100000000)
  region size 1024K, 28 young (28672K), 1 survivors (1024K)
 Metaspace       used 33777K, committed 33920K, reserved 1114112K
  class space    used 4246K, committed 4288K, reserved 1048576K
}
Event: 11.994 GC heap after
{Heap after GC invocations=8 (full 0):
 garbage-first heap   total 65536K, used 20272K [0x00000000c1c00000, 0x0000000100000000)
  region size 1024K, 3 young (3072K), 3 survivors (3072K)
 Metaspace       used 33777K, committed 33920K, reserved 1114112K
  class space    used 4246K, committed 4288K, reserved 1048576K
}
Event: 12.766 GC heap before
{Heap before GC invocations=8 (full 0):
 garbage-first heap   total 65536K, used 26416K [0x00000000c1c00000, 0x0000000100000000)
  region size 1024K, 10 young (10240K), 3 survivors (3072K)
 Metaspace       used 35817K, committed 35968K, reserved 1114112K
  class space    used 4483K, committed 4544K, reserved 1048576K
}
Event: 12.776 GC heap after
{Heap after GC invocations=9 (full 0):
 garbage-first heap   total 65536K, used 20885K [0x00000000c1c00000, 0x0000000100000000)
  region size 1024K, 1 young (1024K), 1 survivors (1024K)
 Metaspace       used 35817K, committed 35968K, reserved 1114112K
  class space    used 4483K, committed 4544K, reserved 1048576K
}
Event: 15.670 GC heap before
{Heap before GC invocations=10 (full 0):
 garbage-first heap   total 65536K, used 51605K [0x00000000c1c00000, 0x0000000100000000)
  region size 1024K, 28 young (28672K), 1 survivors (1024K)
 Metaspace       used 39918K, committed 40128K, reserved 1114112K
  class space    used 4969K, committed 5056K, reserved 1048576K
}
Event: 15.681 GC heap after
{Heap after GC invocations=11 (full 0):
 garbage-first heap   total 65536K, used 27228K [0x00000000c1c00000, 0x0000000100000000)
  region size 1024K, 4 young (4096K), 4 survivors (4096K)
 Metaspace       used 39918K, committed 40128K, reserved 1114112K
  class space    used 4969K, committed 5056K, reserved 1048576K
}
Event: 15.943 GC heap before
{Heap before GC invocations=11 (full 0):
 garbage-first heap   total 65536K, used 48732K [0x00000000c1c00000, 0x0000000100000000)
  region size 1024K, 25 young (25600K), 4 survivors (4096K)
 Metaspace       used 40012K, committed 40192K, reserved 1114112K
  class space    used 4969K, committed 5056K, reserved 1048576K
}
Event: 15.953 GC heap after
{Heap after GC invocations=12 (full 0):
 garbage-first heap   total 65536K, used 27927K [0x00000000c1c00000, 0x0000000100000000)
  region size 1024K, 2 young (2048K), 2 survivors (2048K)
 Metaspace       used 40012K, committed 40192K, reserved 1114112K
  class space    used 4969K, committed 5056K, reserved 1048576K
}
Event: 19.065 GC heap before
{Heap before GC invocations=12 (full 0):
 garbage-first heap   total 65536K, used 50455K [0x00000000c1c00000, 0x0000000100000000)
  region size 1024K, 24 young (24576K), 2 survivors (2048K)
 Metaspace       used 43572K, committed 43776K, reserved 1114112K
  class space    used 5314K, committed 5376K, reserved 1048576K
}
Event: 19.077 GC heap after
{Heap after GC invocations=13 (full 0):
 garbage-first heap   total 65536K, used 30508K [0x00000000c1c00000, 0x0000000100000000)
  region size 1024K, 3 young (3072K), 3 survivors (3072K)
 Metaspace       used 43572K, committed 43776K, reserved 1114112K
  class space    used 5314K, committed 5376K, reserved 1048576K
}

