# JRE version: OpenJDK Runtime Environment Temurin-17.0.19+10 (17.0.19+10) (build 17.0.19+10)
# Java VM: OpenJDK 64-Bit Server VM Temurin-17.0.19+10 (17.0.19+10, mixed mode, sharing, tiered, compressed oops, compressed class ptrs, g1 gc, windows-amd64)
GC Precious Log:
 CPUs: 4 total, 4 available
 Memory: 3976M
 Large Page Support: Disabled
 NUMA Support: Disabled
 Compressed Oops: Enabled (Zero based)
 Heap Region Size: 2M
 Heap Min Capacity: 8M
 Heap Initial Capacity: 64M
 Heap Max Capacity: 4G
 Pre-touch: Disabled
 Parallel Workers: 4
 Concurrent Workers: 1
 Concurrent Refinement Workers: 4
 Periodic GC: Disabled
Heap:
 garbage-first heap   total 954368K, used 441804K [0x0000000700000000, 0x0000000800000000)
  region size 2048K, 4 young (8192K), 4 survivors (8192K)
 Metaspace       used 172478K, committed 174720K, reserved 1245184K
  class space    used 22442K, committed 23424K, reserved 1048576K
GC Heap History (20 events):
Event: 416.770 GC heap after
{Heap after GC invocations=115 (full 0):
 garbage-first heap   total 954368K, used 368904K [0x0000000700000000, 0x0000000800000000)
  region size 2048K, 4 young (8192K), 4 survivors (8192K)
 Metaspace       used 145408K, committed 147392K, reserved 1179648K
  class space    used 19056K, committed 19968K, reserved 1048576K
}
Event: 418.138 GC heap before
{Heap before GC invocations=115 (full 0):
 garbage-first heap   total 954368K, used 839944K [0x0000000700000000, 0x0000000800000000)
  region size 2048K, 234 young (479232K), 4 survivors (8192K)
 Metaspace       used 145410K, committed 147392K, reserved 1179648K
  class space    used 19056K, committed 19968K, reserved 1048576K
}
Event: 418.158 GC heap after
{Heap after GC invocations=116 (full 0):
 garbage-first heap   total 954368K, used 370367K [0x0000000700000000, 0x0000000800000000)
  region size 2048K, 7 young (14336K), 7 survivors (14336K)
 Metaspace       used 145410K, committed 147392K, reserved 1179648K
  class space    used 19056K, committed 19968K, reserved 1048576K
}
Event: 419.606 GC heap before
{Heap before GC invocations=116 (full 0):
 garbage-first heap   total 954368K, used 839359K [0x0000000700000000, 0x0000000800000000)
  region size 2048K, 236 young (483328K), 7 survivors (14336K)
 Metaspace       used 145415K, committed 147392K, reserved 1179648K
  class space    used 19056K, committed 19968K, reserved 1048576K
}
Event: 419.616 GC heap after
{Heap after GC invocations=117 (full 0):
 garbage-first heap   total 954368K, used 371845K [0x0000000700000000, 0x0000000800000000)
  region size 2048K, 7 young (14336K), 7 survivors (14336K)
 Metaspace       used 145415K, committed 147392K, reserved 1179648K
  class space    used 19056K, committed 19968K, reserved 1048576K
}
Event: 421.186 GC heap before
{Heap before GC invocations=117 (full 0):
 garbage-first heap   total 954368K, used 842885K [0x0000000700000000, 0x0000000800000000)
  region size 2048K, 237 young (485376K), 7 survivors (14336K)
 Metaspace       used 145426K, committed 147392K, reserved 1179648K
  class space    used 19057K, committed 19968K, reserved 1048576K
}
Event: 421.204 GC heap after
{Heap after GC invocations=118 (full 0):
 garbage-first heap   total 954368K, used 371632K [0x0000000700000000, 0x0000000800000000)
  region size 2048K, 7 young (14336K), 7 survivors (14336K)
 Metaspace       used 145426K, committed 147392K, reserved 1179648K
  class space    used 19057K, committed 19968K, reserved 1048576K
}
Event: 439.415 GC heap before
{Heap before GC invocations=118 (full 0):
 garbage-first heap   total 954368K, used 873392K [0x0000000700000000, 0x0000000800000000)
  region size 2048K, 237 young (485376K), 7 survivors (14336K)
 Metaspace       used 165672K, committed 167872K, reserved 1245184K
  class space    used 21209K, committed 22144K, reserved 1048576K
}
Event: 439.815 GC heap after
{Heap after GC invocations=119 (full 0):
 garbage-first heap   total 954368K, used 392325K [0x0000000700000000, 0x0000000800000000)
  region size 2048K, 12 young (24576K), 12 survivors (24576K)
 Metaspace       used 165672K, committed 167872K, reserved 1245184K
  class space    used 21209K, committed 22144K, reserved 1048576K
}
Event: 440.076 GC heap before
{Heap before GC invocations=119 (full 0):
 garbage-first heap   total 954368K, used 412805K [0x0000000700000000, 0x0000000800000000)
  region size 2048K, 23 young (47104K), 12 survivors (24576K)
 Metaspace       used 165959K, committed 168192K, reserved 1245184K
  class space    used 21230K, committed 22208K, reserved 1048576K
}
Event: 440.238 GC heap after
{Heap after GC invocations=120 (full 0):
 garbage-first heap   total 954368K, used 399266K [0x0000000700000000, 0x0000000800000000)
  region size 2048K, 3 young (6144K), 3 survivors (6144K)
 Metaspace       used 165959K, committed 168192K, reserved 1245184K
  class space    used 21230K, committed 22208K, reserved 1048576K
}
Event: 444.810 GC heap before
{Heap before GC invocations=120 (full 0):
 garbage-first heap   total 954368K, used 516002K [0x0000000700000000, 0x0000000800000000)
  region size 2048K, 59 young (120832K), 3 survivors (6144K)
 Metaspace       used 167516K, committed 169664K, reserved 1245184K
  class space    used 21401K, committed 22336K, reserved 1048576K
}
Event: 445.835 GC heap after
{Heap after GC invocations=121 (full 0):
 garbage-first heap   total 954368K, used 415872K [0x0000000700000000, 0x0000000800000000)
  region size 2048K, 8 young (16384K), 8 survivors (16384K)
 Metaspace       used 167516K, committed 169664K, reserved 1245184K
  class space    used 21401K, committed 22336K, reserved 1048576K
}
Event: 445.925 GC heap before
{Heap before GC invocations=121 (full 0):
 garbage-first heap   total 954368K, used 446592K [0x0000000700000000, 0x0000000800000000)
  region size 2048K, 23 young (47104K), 8 survivors (16384K)
 Metaspace       used 167565K, committed 169728K, reserved 1245184K
  class space    used 21410K, committed 22336K, reserved 1048576K
}
Event: 446.013 GC heap after
{Heap after GC invocations=122 (full 0):
 garbage-first heap   total 954368K, used 422733K [0x0000000700000000, 0x0000000800000000)
  region size 2048K, 3 young (6144K), 3 survivors (6144K)
 Metaspace       used 167565K, committed 169728K, reserved 1245184K
  class space    used 21410K, committed 22336K, reserved 1048576K
}
Event: 447.241 GC heap before
{Heap before GC invocations=122 (full 0):
 garbage-first heap   total 954368K, used 461645K [0x0000000700000000, 0x0000000800000000)
  region size 2048K, 23 young (47104K), 3 survivors (6144K)
 Metaspace       used 172441K, committed 174656K, reserved 1245184K
  class space    used 22442K, committed 23424K, reserved 1048576K
}
Event: 447.262 GC heap after
{Heap after GC invocations=123 (full 0):
 garbage-first heap   total 954368K, used 427395K [0x0000000700000000, 0x0000000800000000)
  region size 2048K, 3 young (6144K), 3 survivors (6144K)
 Metaspace       used 172441K, committed 174656K, reserved 1245184K
  class space    used 22442K, committed 23424K, reserved 1048576K
}
Event: 447.501 GC heap before
{Heap before GC invocations=123 (full 0):
 garbage-first heap   total 954368K, used 468355K [0x0000000700000000, 0x0000000800000000)
  region size 2048K, 23 young (47104K), 3 survivors (6144K)
 Metaspace       used 172463K, committed 174720K, reserved 1245184K
  class space    used 22442K, committed 23424K, reserved 1048576K
}
Event: 447.526 GC heap after
{Heap after GC invocations=124 (full 0):
 garbage-first heap   total 954368K, used 434028K [0x0000000700000000, 0x0000000800000000)
  region size 2048K, 3 young (6144K), 3 survivors (6144K)
 Metaspace       used 172463K, committed 174720K, reserved 1245184K
  class space    used 22442K, committed 23424K, reserved 1048576K
}
Event: 447.908 GC heap before
{Heap before GC invocations=124 (full 0):
 garbage-first heap   total 954368K, used 481132K [0x0000000700000000, 0x0000000800000000)
  region size 2048K, 26 young (53248K), 3 survivors (6144K)
 Metaspace       used 172478K, committed 174720K, reserved 1245184K
  class space    used 22442K, committed 23424K, reserved 1048576K
}

